<?xml version="1.0" encoding="UTF-8"?>
<testsuite xmlns:xsi="http://www.w3.org/2001/XMLSchema-instance" xsi:noNamespaceSchemaLocation="https://maven.apache.org/surefire/maven-surefire-plugin/xsd/surefire-test-report.xsd" name="ManagementAPISample.AppTest" time="0.064" tests="1" errors="0" skipped="0" failures="0">
  <properties>
    <property name="gopherProxySet" value="false"/>
    <property name="awt.toolkit" value="sun.lwawt.macosx.LWCToolkit"/>
    <property name="file.encoding.pkg" value="sun.io"/>
    <property name="java.specification.version" value="1.8"/>
    <property name="sun.cpu.isalist" value=""/>
    <property name="sun.jnu.encoding" value="UTF-8"/>
    <property name="java.class.path" value="/Users/louise/ufs_aws_recommenddation/ManagementAPI/target/test-classes:/Users/louise/ufs_aws_recommenddation/ManagementAPI/target/classes:/Users/louise/.m2/repository/junit/junit/4.11/junit-4.11.jar:/Users/louise/.m2/repository/org/hamcrest/hamcrest-core/1.3/hamcrest-core-1.3.jar:/Users/louise/.m2/repository/com/google/oauth-client/google-oauth-client/1.30.4/google-oauth-client-1.30.4.jar:/Users/louise/.m2/repository/com/google/code/findbugs/jsr305/3.0.2/jsr305-3.0.2.jar:/Users/louise/.m2/repository/com/google/oauth-client/google-oauth-client-servlet/1.30.4/google-oauth-client-servlet-1.30.4.jar:/Users/louise/.m2/repository/javax/jdo/jdo2-api/2.3-eb/jdo2-api-2.3-eb.jar:/Users/louise/.m2/repository/javax/transaction/transaction-api/1.1/transaction-api-1.1.jar:/Users/louise/.m2/repository/com/google/apis/google-api-services-analytics/v3-rev20190807-1.30.10/google-api-services-analytics-v3-rev20190807-1.30.10.jar:/Users/louise/.m2/repository/com/google/api-client/google-api-client/1.30.10/google-api-client-1.30.10.jar:/Users/louise/.m2/repository/com/google/oauth-client/google-oauth-client-jetty/1.30.4/google-oauth-client-jetty-1.30.4.jar:/Users/louise/.m2/repository/org/eclipse/jetty/jetty-server/8.2.0.v20160908/jetty-server-8.2.0.v20160908.jar:/Users/louise/.m2/repository/org/eclipse/jetty/orbit/javax.servlet/3.0.0.v201112011016/javax.servlet-3.0.0.v201112011016.jar:/Users/louise/.m2/repository/org/eclipse/jetty/jetty-continuation/8.2.0.v20160908/jetty-continuation-8.2.0.v20160908.jar:/Users/louise/.m2/repository/org/eclipse/jetty/jetty-http/8.2.0.v20160908/jetty-http-8.2.0.v20160908.jar:/Users/louise/.m2/repository/org/eclipse/jetty/jetty-io/8.2.0.v20160908/jetty-io-8.2.0.v20160908.jar:/Users/louise/.m2/repository/org/eclipse/jetty/jetty-util/8.2.0.v20160908/jetty-util-8.2.0.v20160908.jar:/Users/louise/.m2/repository/com/google/oauth-client/google-oauth-client-java6/1.30.6/google-oauth-client-java6-1.30.6.jar:/Users/louise/.m2/repository/com/google/guava/guava/23.5-jre/guava-23.5-jre.jar:/Users/louise/.m2/repository/org/checkerframework/checker-qual/2.0.0/checker-qual-2.0.0.jar:/Users/louise/.m2/repository/com/google/errorprone/error_prone_annotations/2.0.18/error_prone_annotations-2.0.18.jar:/Users/louise/.m2/repository/com/google/j2objc/j2objc-annotations/1.1/j2objc-annotations-1.1.jar:/Users/louise/.m2/repository/org/codehaus/mojo/animal-sniffer-annotations/1.14/animal-sniffer-annotations-1.14.jar:/Users/louise/.m2/repository/com/google/http-client/google-http-client/1.36.0/google-http-client-1.36.0.jar:/Users/louise/.m2/repository/org/apache/httpcomponents/httpclient/4.5.12/httpclient-4.5.12.jar:/Users/louise/.m2/repository/commons-logging/commons-logging/1.2/commons-logging-1.2.jar:/Users/louise/.m2/repository/commons-codec/commons-codec/1.11/commons-codec-1.11.jar:/Users/louise/.m2/repository/org/apache/httpcomponents/httpcore/4.4.13/httpcore-4.4.13.jar:/Users/louise/.m2/repository/io/opencensus/opencensus-api/0.24.0/opencensus-api-0.24.0.jar:/Users/louise/.m2/repository/io/grpc/grpc-context/1.22.1/grpc-context-1.22.1.jar:/Users/louise/.m2/repository/io/opencensus/opencensus-contrib-http-util/0.24.0/opencensus-contrib-http-util-0.24.0.jar:/Users/louise/.m2/repository/com/google/http-client/google-http-client-jackson2/1.36.0/google-http-client-jackson2-1.36.0.jar:/Users/louise/.m2/repository/com/fasterxml/jackson/core/jackson-core/2.11.1/jackson-core-2.11.1.jar:/Users/louise/.m2/repository/com/google/http-client/google-http-client-gson/1.22.0/google-http-client-gson-1.22.0.jar:/Users/louise/.m2/repository/com/google/code/gson/gson/2.1/gson-2.1.jar:/Users/louise/.m2/repository/dom4j/dom4j/1.6.1/dom4j-1.6.1.jar:/Users/louise/.m2/repository/xml-apis/xml-apis/1.0.b2/xml-apis-1.0.b2.jar:/Users/louise/.m2/repository/com/jcraft/jsch/0.1.54/jsch-0.1.54.jar:"/>
    <property name="java.vm.vendor" value="Oracle Corporation"/>
    <property name="sun.arch.data.model" value="64"/>
    <property name="java.vendor.url" value="http://java.oracle.com/"/>
    <property name="user.timezone" value=""/>
    <property name="java.vm.specification.version" value="1.8"/>
    <property name="os.name" value="Mac OS X"/>
    <property name="user.country" value="CN"/>
    <property name="sun.java.launcher" value="SUN_STANDARD"/>
    <property name="sun.boot.library.path" value="/Library/Java/JavaVirtualMachines/jdk1.8.0_171.jdk/Contents/Home/jre/lib"/>
    <property name="sun.java.command" value="/Users/louise/ufs_aws_recommenddation/ManagementAPI/target/surefire/surefirebooter2831536889127129330.jar /Users/louise/ufs_aws_recommenddation/ManagementAPI/target/surefire 2020-10-14T16-10-12_843-jvmRun1 surefire762750837772166294tmp surefire_06464500694051589004tmp"/>
    <property name="surefire.test.class.path" value="/Users/louise/ufs_aws_recommenddation/ManagementAPI/target/test-classes:/Users/louise/ufs_aws_recommenddation/ManagementAPI/target/classes:/Users/louise/.m2/repository/junit/junit/4.11/junit-4.11.jar:/Users/louise/.m2/repository/org/hamcrest/hamcrest-core/1.3/hamcrest-core-1.3.jar:/Users/louise/.m2/repository/com/google/oauth-client/google-oauth-client/1.30.4/google-oauth-client-1.30.4.jar:/Users/louise/.m2/repository/com/google/code/findbugs/jsr305/3.0.2/jsr305-3.0.2.jar:/Users/louise/.m2/repository/com/google/oauth-client/google-oauth-client-servlet/1.30.4/google-oauth-client-servlet-1.30.4.jar:/Users/louise/.m2/repository/javax/jdo/jdo2-api/2.3-eb/jdo2-api-2.3-eb.jar:/Users/louise/.m2/repository/javax/transaction/transaction-api/1.1/transaction-api-1.1.jar:/Users/louise/.m2/repository/com/google/apis/google-api-services-analytics/v3-rev20190807-1.30.10/google-api-services-analytics-v3-rev20190807-1.30.10.jar:/Users/louise/.m2/repository/com/google/api-client/google-api-client/1.30.10/google-api-client-1.30.10.jar:/Users/louise/.m2/repository/com/google/oauth-client/google-oauth-client-jetty/1.30.4/google-oauth-client-jetty-1.30.4.jar:/Users/louise/.m2/repository/org/eclipse/jetty/jetty-server/8.2.0.v20160908/jetty-server-8.2.0.v20160908.jar:/Users/louise/.m2/repository/org/eclipse/jetty/orbit/javax.servlet/3.0.0.v201112011016/javax.servlet-3.0.0.v201112011016.jar:/Users/louise/.m2/repository/org/eclipse/jetty/jetty-continuation/8.2.0.v20160908/jetty-continuation-8.2.0.v20160908.jar:/Users/louise/.m2/repository/org/eclipse/jetty/jetty-http/8.2.0.v20160908/jetty-http-8.2.0.v20160908.jar:/Users/louise/.m2/repository/org/eclipse/jetty/jetty-io/8.2.0.v20160908/jetty-io-8.2.0.v20160908.jar:/Users/louise/.m2/repository/org/eclipse/jetty/jetty-util/8.2.0.v20160908/jetty-util-8.2.0.v20160908.jar:/Users/louise/.m2/repository/com/google/oauth-client/google-oauth-client-java6/1.30.6/google-oauth-client-java6-1.30.6.jar:/Users/louise/.m2/repository/com/google/guava/guava/23.5-jre/guava-23.5-jre.jar:/Users/louise/.m2/repository/org/checkerframework/checker-qual/2.0.0/checker-qual-2.0.0.jar:/Users/louise/.m2/repository/com/google/errorprone/error_prone_annotations/2.0.18/error_prone_annotations-2.0.18.jar:/Users/louise/.m2/repository/com/google/j2objc/j2objc-annotations/1.1/j2objc-annotations-1.1.jar:/Users/louise/.m2/repository/org/codehaus/mojo/animal-sniffer-annotations/1.14/animal-sniffer-annotations-1.14.jar:/Users/louise/.m2/repository/com/google/http-client/google-http-client/1.36.0/google-http-client-1.36.0.jar:/Users/louise/.m2/repository/org/apache/httpcomponents/httpclient/4.5.12/httpclient-4.5.12.jar:/Users/louise/.m2/repository/commons-logging/commons-logging/1.2/commons-logging-1.2.jar:/Users/louise/.m2/repository/commons-codec/commons-codec/1.11/commons-codec-1.11.jar:/Users/louise/.m2/repository/org/apache/httpcomponents/httpcore/4.4.13/httpcore-4.4.13.jar:/Users/louise/.m2/repository/io/opencensus/opencensus-api/0.24.0/opencensus-api-0.24.0.jar:/Users/louise/.m2/repository/io/grpc/grpc-context/1.22.1/grpc-context-1.22.1.jar:/Users/louise/.m2/repository/io/opencensus/opencensus-contrib-http-util/0.24.0/opencensus-contrib-http-util-0.24.0.jar:/Users/louise/.m2/repository/com/google/http-client/google-http-client-jackson2/1.36.0/google-http-client-jackson2-1.36.0.jar:/Users/louise/.m2/repository/com/fasterxml/jackson/core/jackson-core/2.11.1/jackson-core-2.11.1.jar:/Users/louise/.m2/repository/com/google/http-client/google-http-client-gson/1.22.0/google-http-client-gson-1.22.0.jar:/Users/louise/.m2/repository/com/google/code/gson/gson/2.1/gson-2.1.jar:/Users/louise/.m2/repository/dom4j/dom4j/1.6.1/dom4j-1.6.1.jar:/Users/louise/.m2/repository/xml-apis/xml-apis/1.0.b2/xml-apis-1.0.b2.jar:/Users/louise/.m2/repository/com/jcraft/jsch/0.1.54/jsch-0.1.54.jar:"/>
    <property name="sun.cpu.endian" value="little"/>
    <property name="user.home" value="/Users/louise"/>
    <property name="user.language" value="zh"/>
    <property name="java.specification.vendor" value="Oracle Corporation"/>
    <property name="java.home" value="/Library/Java/JavaVirtualMachines/jdk1.8.0_171.jdk/Contents/Home/jre"/>
    <property name="basedir" value="/Users/louise/ufs_aws_recommenddation/ManagementAPI"/>
    <property name="file.separator" value="/"/>
    <property name="line.separator" value="&#10;"/>
    <property name="java.vm.specification.vendor" value="Oracle Corporation"/>
    <property name="java.specification.name" value="Java Platform API Specification"/>
    <property name="java.awt.graphicsenv" value="sun.awt.CGraphicsEnvironment"/>
    <property name="surefire.real.class.path" value="/Users/louise/ufs_aws_recommenddation/ManagementAPI/target/surefire/surefirebooter2831536889127129330.jar"/>
    <property name="sun.boot.class.path" value="/Library/Java/JavaVirtualMachines/jdk1.8.0_171.jdk/Contents/Home/jre/lib/resources.jar:/Library/Java/JavaVirtualMachines/jdk1.8.0_171.jdk/Contents/Home/jre/lib/rt.jar:/Library/Java/JavaVirtualMachines/jdk1.8.0_171.jdk/Contents/Home/jre/lib/sunrsasign.jar:/Library/Java/JavaVirtualMachines/jdk1.8.0_171.jdk/Contents/Home/jre/lib/jsse.jar:/Library/Java/JavaVirtualMachines/jdk1.8.0_171.jdk/Contents/Home/jre/lib/jce.jar:/Library/Java/JavaVirtualMachines/jdk1.8.0_171.jdk/Contents/Home/jre/lib/charsets.jar:/Library/Java/JavaVirtualMachines/jdk1.8.0_171.jdk/Contents/Home/jre/lib/jfr.jar:/Library/Java/JavaVirtualMachines/jdk1.8.0_171.jdk/Contents/Home/jre/classes"/>
    <property name="sun.management.compiler" value="HotSpot 64-Bit Tiered Compilers"/>
    <property name="java.runtime.version" value="1.8.0_171-b11"/>
    <property name="user.name" value="louise"/>
    <property name="path.separator" value=":"/>
    <property name="os.version" value="10.14.6"/>
    <property name="java.endorsed.dirs" value="/Library/Java/JavaVirtualMachines/jdk1.8.0_171.jdk/Contents/Home/jre/lib/endorsed"/>
    <property name="java.runtime.name" value="Java(TM) SE Runtime Environment"/>
    <property name="file.encoding" value="UTF-8"/>
    <property name="java.vm.name" value="Java HotSpot(TM) 64-Bit Server VM"/>
    <property name="localRepository" value="/Users/louise/.m2/repository"/>
    <property name="java.vendor.url.bug" value="http://bugreport.sun.com/bugreport/"/>
    <property name="java.io.tmpdir" value="/var/folders/wg/z4k4_qmx2ndg28l6743700zh0000gn/T/"/>
    <property name="idea.version" value="2018.1.6"/>
    <property name="java.version" value="1.8.0_171"/>
    <property name="user.dir" value="/Users/louise/ufs_aws_recommenddation/ManagementAPI"/>
    <property name="os.arch" value="x86_64"/>
    <property name="java.vm.specification.name" value="Java Virtual Machine Specification"/>
    <property name="java.awt.printerjob" value="sun.lwawt.macosx.CPrinterJob"/>
    <property name="sun.os.patch.level" value="unknown"/>
    <property name="java.library.path" value="/Users/louise/Library/Java/Extensions:/Library/Java/Extensions:/Network/Library/Java/Extensions:/System/Library/Java/Extensions:/usr/lib/java:."/>
    <property name="java.vm.info" value="mixed mode"/>
    <property name="java.vendor" value="Oracle Corporation"/>
    <property name="java.vm.version" value="25.171-b11"/>
    <property name="java.ext.dirs" value="/Users/louise/Library/Java/Extensions:/Library/Java/JavaVirtualMachines/jdk1.8.0_171.jdk/Contents/Home/jre/lib/ext:/Library/Java/Extensions:/Network/Library/Java/Extensions:/System/Library/Java/Extensions:/usr/lib/java"/>
    <property name="sun.io.unicode.encoding" value="UnicodeBig"/>
    <property name="java.class.version" value="52.0"/>
  </properties>
  <testcase name="shouldAnswerWithTrue" classname="ManagementAPISample.AppTest" time="0.003"/>
</testsuite>